<?xml version="1.0" encoding="UTF-8"?>
<!-- Generated by org.testng.reporters.JUnitReportReporter -->
<testsuite hostname="DESKTOP-14N1F2H" failures="0" tests="1" name="com.pro.testcases.HomePageTest" time="1.197" errors="0" timestamp="2024-04-17T11:38:54 EDT" skipped="0">
  <testcase classname="com.pro.testcases.HomePageTest" name="TestBankManagerLogin" time="1.197"/>
  <system-out/>
</testsuite> <!-- com.pro.testcases.HomePageTest -->
